<?xml version="1.0" encoding="UTF-8"?>
<testng-results ignored="0" total="2" passed="2" failed="0" skipped="0">
  <reporter-output>
  </reporter-output>
  <suite started-at="2025-05-14T12:13:00 IST" name="Default suite" finished-at="2025-05-14T12:13:28 IST" duration-ms="28411">
    <groups>
    </groups>
    <test started-at="2025-05-14T12:13:00 IST" name="Default test" finished-at="2025-05-14T12:13:28 IST" duration-ms="28411">
      <class name="com.orangeHRM.tests.LoginPageTest">
        <test-method is-config="true" signature="setUp()[pri:0, instance:com.orangeHRM.tests.LoginPageTest@3e694b3f]" started-at="2025-05-14T12:13:00 IST" name="setUp" finished-at="2025-05-14T12:13:14 IST" duration-ms="14231" status="PASS">
          <reporter-output>
          </reporter-output>
        </test-method> <!-- setUp -->
        <test-method signature="verifyLogin()[pri:0, instance:com.orangeHRM.tests.LoginPageTest@3e694b3f]" started-at="2025-05-14T12:13:14 IST" name="verifyLogin" finished-at="2025-05-14T12:13:18 IST" duration-ms="3470" status="PASS">
          <reporter-output>
          </reporter-output>
        </test-method> <!-- verifyLogin -->
        <test-method is-config="true" signature="teardown()[pri:0, instance:com.orangeHRM.tests.LoginPageTest@3e694b3f]" started-at="2025-05-14T12:13:18 IST" name="teardown" finished-at="2025-05-14T12:13:18 IST" duration-ms="6" status="PASS">
          <reporter-output>
          </reporter-output>
        </test-method> <!-- teardown -->
        <test-method is-config="true" signature="setUp()[pri:0, instance:com.orangeHRM.tests.LoginPageTest@3e694b3f]" started-at="2025-05-14T12:13:18 IST" name="setUp" finished-at="2025-05-14T12:13:27 IST" duration-ms="9185" status="PASS">
          <reporter-output>
          </reporter-output>
        </test-method> <!-- setUp -->
        <test-method signature="verifyLogo()[pri:0, instance:com.orangeHRM.tests.LoginPageTest@3e694b3f]" started-at="2025-05-14T12:13:27 IST" name="verifyLogo" finished-at="2025-05-14T12:13:27 IST" duration-ms="73" status="PASS">
          <reporter-output>
          </reporter-output>
        </test-method> <!-- verifyLogo -->
        <test-method is-config="true" signature="teardown()[pri:0, instance:com.orangeHRM.tests.LoginPageTest@3e694b3f]" started-at="2025-05-14T12:13:27 IST" name="teardown" finished-at="2025-05-14T12:13:28 IST" duration-ms="1381" status="PASS">
          <reporter-output>
          </reporter-output>
        </test-method> <!-- teardown -->
      </class> <!-- com.orangeHRM.tests.LoginPageTest -->
    </test> <!-- Default test -->
  </suite> <!-- Default suite -->
</testng-results>
